<?xml version="1.0" encoding="UTF-8"?>
<!-- Generated by org.testng.reporters.JUnitReportReporter -->
<testsuite hostname="Saer-Ubutu32" name="se.nackademin.examination.examination_jacoco.ConversorTest" tests="4" failures="0" timestamp="16 Oct 2016 13:55:20 GMT" time="0.007" errors="0">
  <testcase name="testAgeConvertor" time="0.001" classname="se.nackademin.examination.examination_jacoco.ConversorTest"/>
  <testcase name="testConversor" time="0.000" classname="se.nackademin.examination.examination_jacoco.ConversorTest"/>
  <testcase name="testGenderConvertor" time="0.006" classname="se.nackademin.examination.examination_jacoco.ConversorTest"/>
  <testcase name="testCityConvertor" time="0.000" classname="se.nackademin.examination.examination_jacoco.ConversorTest"/>
</testsuite> <!-- se.nackademin.examination.examination_jacoco.ConversorTest -->
