<?xml version="1.0" encoding="UTF-8"?>
<!-- Generated by org.testng.reporters.JUnitReportReporter -->
<testsuite hostname="Saer-Ubutu32" name="se.nackademin.examination.examination_jacoco.ResultsFromInputsTest" tests="4" failures="0" timestamp="16 Oct 2016 13:55:20 GMT" time="0.001" errors="0">
  <testcase name="testAgeGettersAndSettersMethods" time="0.001" classname="se.nackademin.examination.examination_jacoco.ResultsFromInputsTest"/>
  <testcase name="testGetResultForHomeCity" time="0.000" classname="se.nackademin.examination.examination_jacoco.ResultsFromInputsTest"/>
  <testcase name="testGetResultForAge" time="0.000" classname="se.nackademin.examination.examination_jacoco.ResultsFromInputsTest"/>
  <testcase name="testGetResultForGender" time="0.000" classname="se.nackademin.examination.examination_jacoco.ResultsFromInputsTest"/>
</testsuite> <!-- se.nackademin.examination.examination_jacoco.ResultsFromInputsTest -->
