<?xml version="1.0" encoding="UTF-8"?>
<!-- Generated by org.testng.reporters.JUnitReportReporter -->
<testsuite hostname="Saer-Ubutu32" name="se.nackademin.examination.examination_jacoco.GameTest" tests="7" failures="0" timestamp="16 Oct 2016 13:55:20 GMT" time="0.009" errors="0">
  <testcase name="testCalculateBasedOnNames" time="0.000" classname="se.nackademin.examination.examination_jacoco.GameTest"/>
  <testcase name="testCalculateBasedOnGender" time="0.000" classname="se.nackademin.examination.examination_jacoco.GameTest"/>
  <testcase name="testCalculateBasedOnAge" time="0.001" classname="se.nackademin.examination.examination_jacoco.GameTest"/>
  <testcase name="testFinalString" time="0.000" classname="se.nackademin.examination.examination_jacoco.GameTest"/>
  <testcase name="testRun" time="0.004" classname="se.nackademin.examination.examination_jacoco.GameTest"/>
  <testcase name="testCalculateBasedOnCity" time="0.004" classname="se.nackademin.examination.examination_jacoco.GameTest"/>
  <testcase name="testRunGame" time="0.000" classname="se.nackademin.examination.examination_jacoco.GameTest"/>
</testsuite> <!-- se.nackademin.examination.examination_jacoco.GameTest -->
