<?xml version="1.0" encoding="UTF-8"?>
<!-- Generated by org.testng.reporters.JUnitReportReporter -->
<testsuite hostname="Saer-Ubutu32" name="se.nackademin.examination.examination_jacoco.DataAnalysisTest" tests="3" failures="0" timestamp="16 Oct 2016 13:55:20 GMT" time="0.006" errors="0">
  <testcase name="testAgeAndNameStrings" time="0.000" classname="se.nackademin.examination.examination_jacoco.DataAnalysisTest"/>
  <testcase name="test1" time="0.000" classname="se.nackademin.examination.examination_jacoco.DataAnalysisTest"/>
  <testcase name="testCityAndAge" time="0.006" classname="se.nackademin.examination.examination_jacoco.DataAnalysisTest"/>
</testsuite> <!-- se.nackademin.examination.examination_jacoco.DataAnalysisTest -->
