<?xml version="1.0" encoding="UTF-8"?>
<!-- Generated by org.testng.reporters.JUnitReportReporter -->
<testsuite hostname="Saer-Ubutu32" name="se.nackademin.examination.examination_jacoco.MainTest" tests="1" failures="0" timestamp="16 Oct 2016 13:55:20 GMT" time="0.001" errors="0">
  <testcase name="testMainMethod" time="0.001" classname="se.nackademin.examination.examination_jacoco.MainTest"/>
</testsuite> <!-- se.nackademin.examination.examination_jacoco.MainTest -->
